(0,0),0,[-2.1,-1.2j]
(1,0),0,[-2.0992706434,-1.2j]
(2,0),0,[-2.09854128679,-1.2j]
(3,0),0,[-2.09781193019,-1.2j]
(4,0),0,[-2.09708257359,-1.2j]
(5,0),0,[-2.09635321698,-1.2j]
(6,0),0,[-2.09562386038,-1.2j]
(7,0),0,[-2.09489450378,-1.2j]
(8,0),0,[-2.09416514717,-1.2j]
(9,0),0,[-2.09343579057,-1.2j]
(10,0),0,[-2.09270643397,-1.2j]
(11,0),0,[-2.09197707736,-1.2j]
(12,0),0,[-2.09124772076,-1.2j]
(13,0),0,[-2.09051836416,-1.2j]
(14,0),0,[-2.08978900755,-1.2j]
(15,0),0,[-2.08905965095,-1.2j]
(16,0),0,[-2.08833029435,-1.2j]
(17,0),0,[-2.08760093774,-1.2j]
(18,0),0,[-2.08687158114,-1.2j]
(19,0),0,[-2.08614222454,-1.2j]
(20,0),0,[-2.08541286793,-1.2j]
(21,0),0,[-2.08468351133,-1.2j]
(22,0),0,[-2.08395415473,-1.2j]
(23,0),0,[-2.08322479812,-1.2j]
(24,0),0,[-2.08249544152,-1.2j]
(25,0),0,[-2.08176608492,-1.2j]
(26,0),0,[-2.08103672831,-1.2j]
(27,0),0,[-2.08030737171,-1.2j]
(28,0),0,[-2.07957801511,-1.2j]
(29,0),0,[-2.0788486585,-1.2j]
(30,0),0,[-2.0781193019,-1.2j]
(31,0),0,[-2.0773899453,-1.2j]
(32,0),0,[-2.07666058869,-1.2j]
(33,0),0,[-2.07593123209,-1.2j]
(34,0),0,[-2.07520187549,-1.2j]
(35,0),0,[-2.07447251889,-1.2j]
(36,0),0,[-2.07374316228,-1.2j]
(37,0),0,[-2.07301380568,-1.2j]
(38,0),0,[-2.07228444908,-1.2j]
(39,0),0,[-2.07155509247,-1.2j]
(40,0),0,[-2.07082573587,-1.2j]
(41,0),0,[-2.07009637927,-1.2j]
(42,0),0,[-2.06936702266,-1.2j]
(43,0),0,[-2.06863766606,-1.2j]
(44,0),0,[-2.06790830946,-1.2j]
(45,0),0,[-2.06717895285,-1.2j]
(46,0),0,[-2.06644959625,-1.2j]
(47,0),0,[-2.06572023965,-1.2j]
(48,0),0,[-2.06499088304,-1.2j]
(49,0),0,[-2.06426152644,-1.2j]
(50,0),0,[-2.06353216984,-1.2j]
(51,0),0,[-2.06280281323,-1.2j]
(52,0),0,[-2.06207345663,-1.2j]
(53,0),0,[-2.06134410003,-1.2j]
(54,0),0,[-2.06061474342,-1.2j]
(55,0),0,[-2.05988538682,-1.2j]
(56,0),0,[-2.05915603022,-1.2j]
(57,0),0,[-2.05842667361,-1.2j]
(58,0),0,[-2.05769731701,-1.2j]
(59,0),0,[-2.05696796041,-1.2j]
(60,0),0,[-2.0562386038,-1.2j]
(61,0),0,[-2.0555092472,-1.2j]
(62,0),0,[-2.0547798906,-1.2j]
(63,0),0,[-2.05405053399,-1.2j]
(64,0),0,[-2.05332117739,-1.2j]
(65,0),0,[-2.05259182079,-1.2j]
(66,0),0,[-2.05186246418,-1.2j]
(67,0),0,[-2.05113310758,-1.2j]
(68,0),0,[-2.05040375098,-1.2j]
(69,0),0,[-2.04967439437,-1.2j]
(70,0),0,[-2.04894503777,-1.2j]
(71,0),0,[-2.04821568117,-1.2j]
(72,0),0,[-2.04748632456,-1.2j]
(73,0),0,[-2.04675696796,-1.2j]
(74,0),0,[-2.04602761136,-1.2j]
(75,0),0,[-2.04529825475,-1.2j]
(76,0),0,[-2.04456889815,-1.2j]
(77,0),0,[-2.04383954155,-1.2j]
(78,0),0,[-2.04311018494,-1.2j]
(79,0),0,[-2.04238082834,-1.2j]
(80,0),0,[-2.04165147174,-1.2j]
(81,0),0,[-2.04092211513,-1.2j]
(82,0),0,[-2.04019275853,-1.2j]
(83,0),0,[-2.03946340193,-1.2j]
(84,0),0,[-2.03873404532,-1.2j]
(85,0),0,[-2.03800468872,-1.2j]
(86,0),0,[-2.03727533212,-1.2j]
(87,0),0,[-2.03654597551,-1.2j]
(88,0),0,[-2.03581661891,-1.2j]
(89,0),0,[-2.03508726231,-1.2j]
(90,0),0,[-2.0343579057,-1.2j]
(91,0),0,[-2.0336285491,-1.2j]
(92,0),0,[-2.0328991925,-1.2j]
(93,0),0,[-2.03216983589,-1.2j]
(94,0),0,[-2.03144047929,-1.2j]
(95,0),0,[-2.03071112269,-1.2j]
(96,0),0,[-2.02998176608,-1.2j]
(97,0),0,[-2.02925240948,-1.2j]
(98,0),0,[-2.02852305288,-1.2j]
(99,0),0,[-2.02779369628,-1.2j]
(100,0),0,[-2.02706433967,-1.2j]
(101,0),0,[-2.02633498307,-1.2j]
(102,0),0,[-2.02560562647,-1.2j]
(103,0),0,[-2.02487626986,-1.2j]
(104,0),0,[-2.02414691326,-1.2j]
(105,0),0,[-2.02341755666,-1.2j]
(106,0),0,[-2.02268820005,-1.2j]
(107,0),0,[-2.02195884345,-1.2j]
(108,0),0,[-2.02122948685,-1.2j]
(109,0),0,[-2.02050013024,-1.2j]
(110,0),0,[-2.01977077364,-1.2j]
(111,0),0,[-2.01904141704,-1.2j]
(112,0),0,[-2.01831206043,-1.2j]
(113,0),0,[-2.01758270383,-1.2j]
(114,0),0,[-2.01685334723,-1.2j]
(115,0),0,[-2.01612399062,-1.2j]
(116,0),0,[-2.01539463402,-1.2j]
(117,0),0,[-2.01466527742,-1.2j]
(118,0),0,[-2.01393592081,-1.2j]
(119,0),0,[-2.01320656421,-1.2j]
(120,0),0,[-2.01247720761,-1.2j]
(121,0),0,[-2.011747851,-1.2j]
(122,0),0,[-2.0110184944,-1.2j]
(123,0),0,[-2.0102891378,-1.2j]
(124,0),0,[-2.00955978119,-1.2j]
(125,0),0,[-2.00883042459,-1.2j]
(126,0),0,[-2.00810106799,-1.2j]
(127,0),0,[-2.00737171138,-1.2j]
(128,0),0,[-2.00664235478,-1.2j]
(129,0),0,[-2.00591299818,-1.2j]
(130,0),0,[-2.00518364157,-1.2j]
(131,0),0,[-2.00445428497,-1.2j]
(132,0),0,[-2.00372492837,-1.2j]
(133,0),0,[-2.00299557176,-1.2j]
(134,0),0,[-2.00226621516,-1.2j]
(135,0),0,[-2.00153685856,-1.2j]
(136,0),0,[-2.00080750195,-1.2j]
(137,0),0,[-2.00007814535,-1.2j]
(138,0),0,[-1.99934878875,-1.2j]
(139,0),0,[-1.99861943214,-1.2j]
(140,0),0,[-1.99789007554,-1.2j]
(141,0),0,[-1.99716071894,-1.2j]
(142,0),0,[-1.99643136233,-1.2j]
(143,0),0,[-1.99570200573,-1.2j]
(144,0),0,[-1.99497264913,-1.2j]
(145,0),0,[-1.99424329252,-1.2j]
(146,0),0,[-1.99351393592,-1.2j]
(147,0),0,[-1.99278457932,-1.2j]
(148,0),0,[-1.99205522271,-1.2j]
(149,0),0,[-1.99132586611,-1.2j]
(150,0),0,[-1.99059650951,-1.2j]
(151,0),0,[-1.9898671529,-1.2j]
(152,0),0,[-1.9891377963,-1.2j]
(153,0),0,[-1.9884084397,-1.2j]
(154,0),0,[-1.98767908309,-1.2j]
(155,0),0,[-1.98694972649,-1.2j]
(156,0),0,[-1.98622036989,-1.2j]
(157,0),0,[-1.98549101328,-1.2j]
(158,0),0,[-1.98476165668,-1.2j]
(159,0),0,[-1.98403230008,-1.2j]
(160,0),0,[-1.98330294347,-1.2j]
(161,0),0,[-1.98257358687,-1.2j]
(162,0),0,[-1.98184423027,-1.2j]
(163,0),0,[-1.98111487367,-1.2j]
(164,0),0,[-1.98038551706,-1.2j]
(165,0),0,[-1.97965616046,-1.2j]
(166,0),0,[-1.97892680386,-1.2j]
(167,0),0,[-1.97819744725,-1.2j]
(168,0),0,[-1.97746809065,-1.2j]
(169,0),0,[-1.97673873405,-1.2j]
(170,0),0,[-1.97600937744,-1.2j]
(171,0),0,[-1.97528002084,-1.2j]
(172,0),0,[-1.97455066424,-1.2j]
(173,0),0,[-1.97382130763,-1.2j]
(174,0),0,[-1.97309195103,-1.2j]
(175,0),0,[-1.97236259443,-1.2j]
(176,0),0,[-1.97163323782,-1.2j]
(177,0),0,[-1.97090388122,-1.2j]
(178,0),0,[-1.97017452462,-1.2j]
(179,0),0,[-1.96944516801,-1.2j]
(180,0),0,[-1.96871581141,-1.2j]
(181,0),0,[-1.96798645481,-1.2j]
(182,0),0,[-1.9672570982,-1.2j]
(183,0),0,[-1.9665277416,-1.2j]
(184,0),0,[-1.965798385,-1.2j]
(185,0),0,[-1.96506902839,-1.2j]
(186,0),0,[-1.96433967179,-1.2j]
(187,0),0,[-1.96361031519,-1.2j]
(188,0),0,[-1.96288095858,-1.2j]
(189,0),0,[-1.96215160198,-1.2j]
(190,0),0,[-1.96142224538,-1.2j]
(191,0),0,[-1.96069288877,-1.2j]
(192,0),0,[-1.95996353217,-1.2j]
(193,0),0,[-1.95923417557,-1.2j]
(194,0),0,[-1.95850481896,-1.2j]
(195,0),0,[-1.95777546236,-1.2j]
(196,0),0,[-1.95704610576,-1.2j]
(197,0),0,[-1.95631674915,-1.2j]
(198,0),0,[-1.95558739255,-1.2j]
(199,0),0,[-1.95485803595,-1.2j]
(200,0),0,[-1.95412867934,-1.2j]
(201,0),0,[-1.95339932274,-1.2j]
(202,0),0,[-1.95266996614,-1.2j]
(203,0),0,[-1.95194060953,-1.2j]
(204,0),0,[-1.95121125293,-1.2j]
(205,0),0,[-1.95048189633,-1.2j]
(206,0),0,[-1.94975253972,-1.2j]
(207,0),0,[-1.94902318312,-1.2j]
(208,0),0,[-1.94829382652,-1.2j]
(209,0),0,[-1.94756446991,-1.2j]
(210,0),0,[-1.94683511331,-1.2j]
(211,0),0,[-1.94610575671,-1.2j]
(212,0),0,[-1.9453764001,-1.2j]
(213,0),0,[-1.9446470435,-1.2j]
(214,0),0,[-1.9439176869,-1.2j]
(215,0),0,[-1.94318833029,-1.2j]
(216,0),0,[-1.94245897369,-1.2j]
(217,0),0,[-1.94172961709,-1.2j]
(218,0),0,[-1.94100026048,-1.2j]
(219,0),0,[-1.94027090388,-1.2j]
(220,0),0,[-1.93954154728,-1.2j]
(221,0),0,[-1.93881219067,-1.2j]
(222,0),0,[-1.93808283407,-1.2j]
(223,0),0,[-1.93735347747,-1.2j]
(224,0),0,[-1.93662412086,-1.2j]
(225,0),0,[-1.93589476426,-1.2j]
(226,0),0,[-1.93516540766,-1.2j]
(227,0),0,[-1.93443605105,-1.2j]
(228,0),0,[-1.93370669445,-1.2j]
(229,0),0,[-1.93297733785,-1.2j]
(230,0),0,[-1.93224798125,-1.2j]
(231,0),0,[-1.93151862464,-1.2j]
(232,0),0,[-1.93078926804,-1.2j]
(233,0),0,[-1.93005991144,-1.2j]
(234,0),0,[-1.92933055483,-1.2j]
(235,0),0,[-1.92860119823,-1.2j]
(236,0),0,[-1.92787184163,-1.2j]
(237,0),0,[-1.92714248502,-1.2j]
(238,0),0,[-1.92641312842,-1.2j]
(239,0),0,[-1.92568377182,-1.2j]
(240,0),0,[-1.92495441521,-1.2j]
(241,0),0,[-1.92422505861,-1.2j]
(242,0),0,[-1.92349570201,-1.2j]
(243,0),0,[-1.9227663454,-1.2j]
(244,0),0,[-1.9220369888,-1.2j]
(245,0),0,[-1.9213076322,-1.2j]
(246,0),0,[-1.92057827559,-1.2j]
(247,0),0,[-1.91984891899,-1.2j]
(248,0),0,[-1.91911956239,-1.2j]
(249,0),0,[-1.91839020578,-1.2j]
(250,0),0,[-1.91766084918,-1.2j]
(251,0),0,[-1.91693149258,-1.2j]
(252,0),0,[-1.91620213597,-1.2j]
(253,0),0,[-1.91547277937,-1.2j]
(254,0),0,[-1.91474342277,-1.2j]
(255,0),0,[-1.91401406616,-1.2j]
(256,0),0,[-1.91328470956,-1.2j]
(257,0),0,[-1.91255535296,-1.2j]
(258,0),0,[-1.91182599635,-1.2j]
(259,0),0,[-1.91109663975,-1.2j]
(260,0),0,[-1.91036728315,-1.2j]
(261,0),0,[-1.90963792654,-1.2j]
(262,0),0,[-1.90890856994,-1.2j]
(263,0),0,[-1.90817921334,-1.2j]
(264,0),0,[-1.90744985673,-1.2j]
(265,0),0,[-1.90672050013,-1.2j]
(266,0),0,[-1.90599114353,-1.2j]
(267,0),0,[-1.90526178692,-1.2j]
(268,0),0,[-1.90453243032,-1.2j]
(269,0),0,[-1.90380307372,-1.2j]
(270,0),0,[-1.90307371711,-1.2j]
(271,0),0,[-1.90234436051,-1.2j]
(272,0),0,[-1.90161500391,-1.2j]
(273,0),0,[-1.9008856473,-1.2j]
(274,0),0,[-1.9001562907,-1.2j]
(275,0),0,[-1.8994269341,-1.2j]
(276,0),0,[-1.89869757749,-1.2j]
(277,0),0,[-1.89796822089,-1.2j]
(278,0),0,[-1.89723886429,-1.2j]
(279,0),0,[-1.89650950768,-1.2j]
(280,0),0,[-1.89578015108,-1.2j]
(281,0),0,[-1.89505079448,-1.2j]
(282,0),0,[-1.89432143787,-1.2j]
(283,0),0,[-1.89359208127,-1.2j]
(284,0),0,[-1.89286272467,-1.2j]
(285,0),0,[-1.89213336806,-1.2j]
(286,0),0,[-1.89140401146,-1.2j]
(287,0),0,[-1.89067465486,-1.2j]
(288,0),0,[-1.88994529825,-1.2j]
(289,0),0,[-1.88921594165,-1.2j]
(290,0),0,[-1.88848658505,-1.2j]
(291,0),0,[-1.88775722844,-1.2j]
(292,0),0,[-1.88702787184,-1.2j]
(293,0),0,[-1.88629851524,-1.2j]
(294,0),0,[-1.88556915864,-1.2j]
(295,0),0,[-1.88483980203,-1.2j]
(296,0),0,[-1.88411044543,-1.2j]
(297,0),0,[-1.88338108883,-1.2j]
(298,0),0,[-1.88265173222,-1.2j]
(299,0),0,[-1.88192237562,-1.2j]
(300,0),0,[-1.88119301902,-1.2j]
(301,0),0,[-1.88046366241,-1.2j]
(302,0),0,[-1.87973430581,-1.2j]
(303,0),0,[-1.87900494921,-1.2j]
(304,0),0,[-1.8782755926,-1.2j]
(305,0),0,[-1.877546236,-1.2j]
(306,0),0,[-1.8768168794,-1.2j]
(307,0),0,[-1.87608752279,-1.2j]
(308,0),0,[-1.87535816619,-1.2j]
(309,0),0,[-1.87462880959,-1.2j]
(310,0),0,[-1.87389945298,-1.2j]
(311,0),0,[-1.87317009638,-1.2j]
(312,0),0,[-1.87244073978,-1.2j]
(313,0),0,[-1.87171138317,-1.2j]
(314,0),0,[-1.87098202657,-1.2j]
(315,0),0,[-1.87025266997,-1.2j]
(316,0),0,[-1.86952331336,-1.2j]
(317,0),0,[-1.86879395676,-1.2j]
(318,0),0,[-1.86806460016,-1.2j]
(319,0),0,[-1.86733524355,-1.2j]
(320,0),0,[-1.86660588695,-1.2j]
(321,0),0,[-1.86587653035,-1.2j]
(322,0),0,[-1.86514717374,-1.2j]
(323,0),0,[-1.86441781714,-1.2j]
(324,0),0,[-1.86368846054,-1.2j]
(325,0),0,[-1.86295910393,-1.2j]
(326,0),0,[-1.86222974733,-1.2j]
(327,0),0,[-1.86150039073,-1.2j]
(328,0),0,[-1.86077103412,-1.2j]
(329,0),0,[-1.86004167752,-1.2j]
(330,0),0,[-1.85931232092,-1.2j]
(331,0),0,[-1.85858296431,-1.2j]
(332,0),0,[-1.85785360771,-1.2j]
(333,0),0,[-1.85712425111,-1.2j]
(334,0),0,[-1.8563948945,-1.2j]
(335,0),0,[-1.8556655379,-1.2j]
(336,0),0,[-1.8549361813,-1.2j]
(337,0),0,[-1.85420682469,-1.2j]
(338,0),0,[-1.85347746809,-1.2j]
(339,0),0,[-1.85274811149,-1.2j]
(340,0),0,[-1.85201875488,-1.2j]
(341,0),0,[-1.85128939828,-1.2j]
(342,0),0,[-1.85056004168,-1.2j]
(343,0),0,[-1.84983068507,-1.2j]
(344,0),0,[-1.84910132847,-1.2j]
(345,0),0,[-1.84837197187,-1.2j]
(346,0),0,[-1.84764261526,-1.2j]
(347,0),0,[-1.84691325866,-1.2j]
(348,0),0,[-1.84618390206,-1.2j]
(349,0),0,[-1.84545454545,-1.2j]
(350,0),0,[-1.84472518885,-1.2j]
(351,0),0,[-1.84399583225,-1.2j]
(352,0),0,[-1.84326647564,-1.2j]
(353,0),0,[-1.84253711904,-1.2j]
(354,0),0,[-1.84180776244,-1.2j]
(355,0),0,[-1.84107840583,-1.2j]
(356,0),0,[-1.84034904923,-1.2j]
(357,0),0,[-1.83961969263,-1.2j]
(358,0),0,[-1.83889033603,-1.2j]
(359,0),0,[-1.83816097942,-1.2j]
(360,0),0,[-1.83743162282,-1.2j]
(361,0),0,[-1.83670226622,-1.2j]
(362,0),0,[-1.83597290961,-1.2j]
(363,0),0,[-1.83524355301,-1.2j]
(364,0),0,[-1.83451419641,-1.2j]
(365,0),0,[-1.8337848398,-1.2j]
(366,0),0,[-1.8330554832,-1.2j]
(367,0),0,[-1.8323261266,-1.2j]
(368,0),0,[-1.83159676999,-1.2j]
(369,0),0,[-1.83086741339,-1.2j]
(370,0),0,[-1.83013805679,-1.2j]
(371,0),0,[-1.82940870018,-1.2j]
(372,0),0,[-1.82867934358,-1.2j]
(373,0),0,[-1.82794998698,-1.2j]
(374,0),0,[-1.82722063037,-1.2j]
(375,0),0,[-1.82649127377,-1.2j]
(376,0),0,[-1.82576191717,-1.2j]
(377,0),0,[-1.82503256056,-1.2j]
(378,0),0,[-1.82430320396,-1.2j]
(379,0),0,[-1.82357384736,-1.2j]
(380,0),0,[-1.82284449075,-1.2j]
(381,0),0,[-1.82211513415,-1.2j]
(382,0),0,[-1.82138577755,-1.2j]
(383,0),0,[-1.82065642094,-1.2j]
(384,0),0,[-1.81992706434,-1.2j]
(385,0),0,[-1.81919770774,-1.2j]
(386,0),0,[-1.81846835113,-1.2j]
(387,0),0,[-1.81773899453,-1.2j]
(388,0),0,[-1.81700963793,-1.2j]
(389,0),0,[-1.81628028132,-1.2j]
(390,0),0,[-1.81555092472,-1.2j]
(391,0),0,[-1.81482156812,-1.2j]
(392,0),0,[-1.81409221151,-1.2j]
(393,0),0,[-1.81336285491,-1.2j]
(394,0),0,[-1.81263349831,-1.2j]
(395,0),0,[-1.8119041417,-1.2j]
(396,0),0,[-1.8111747851,-1.2j]
(397,0),0,[-1.8104454285,-1.2j]
(398,0),0,[-1.80971607189,-1.2j]
(399,0),0,[-1.80898671529,-1.2j]
(400,0),0,[-1.80825735869,-1.2j]
(401,0),0,[-1.80752800208,-1.2j]
(402,0),0,[-1.80679864548,-1.2j]
(403,0),0,[-1.80606928888,-1.2j]
(404,0),0,[-1.80533993227,-1.2j]
(405,0),0,[-1.80461057567,-1.2j]
(406,0),0,[-1.80388121907,-1.2j]
(407,0),0,[-1.80315186246,-1.2j]
(408,0),0,[-1.80242250586,-1.2j]
(409,0),0,[-1.80169314926,-1.2j]
(410,0),0,[-1.80096379265,-1.2j]
(411,0),0,[-1.80023443605,-1.2j]
(412,0),0,[-1.79950507945,-1.2j]
(413,0),0,[-1.79877572284,-1.2j]
(414,0),0,[-1.79804636624,-1.2j]
(415,0),0,[-1.79731700964,-1.2j]
(416,0),0,[-1.79658765303,-1.2j]
(417,0),0,[-1.79585829643,-1.2j]
(418,0),0,[-1.79512893983,-1.2j]
(419,0),0,[-1.79439958322,-1.2j]
(420,0),0,[-1.79367022662,-1.2j]
(421,0),0,[-1.79294087002,-1.2j]
(422,0),0,[-1.79221151341,-1.2j]
(423,0),0,[-1.79148215681,-1.2j]
(424,0),0,[-1.79075280021,-1.2j]
(425,0),0,[-1.79002344361,-1.2j]
(426,0),0,[-1.789294087,-1.2j]
(427,0),0,[-1.7885647304,-1.2j]
(428,0),0,[-1.7878353738,-1.2j]
(429,0),0,[-1.78710601719,-1.2j]
(430,0),0,[-1.78637666059,-1.2j]
(431,0),0,[-1.78564730399,-1.2j]
(432,0),0,[-1.78491794738,-1.2j]
(433,0),0,[-1.78418859078,-1.2j]
(434,0),0,[-1.78345923418,-1.2j]
(435,0),0,[-1.78272987757,-1.2j]
(436,0),0,[-1.78200052097,-1.2j]
(437,0),0,[-1.78127116437,-1.2j]
(438,0),0,[-1.78054180776,-1.2j]
(439,0),0,[-1.77981245116,-1.2j]
(440,0),0,[-1.77908309456,-1.2j]
(441,0),0,[-1.77835373795,-1.2j]
(442,0),0,[-1.77762438135,-1.2j]
(443,0),0,[-1.77689502475,-1.2j]
(444,0),0,[-1.77616566814,-1.2j]
(445,0),0,[-1.77543631154,-1.2j]
(446,0),0,[-1.77470695494,-1.2j]
(447,0),0,[-1.77397759833,-1.2j]
(448,0),0,[-1.77324824173,-1.2j]
(449,0),0,[-1.77251888513,-1.2j]
(450,0),0,[-1.77178952852,-1.2j]
(451,0),0,[-1.77106017192,-1.2j]
(452,0),0,[-1.77033081532,-1.2j]
(453,0),0,[-1.76960145871,-1.2j]
(454,0),0,[-1.76887210211,-1.2j]
(455,0),0,[-1.76814274551,-1.2j]
(456,0),0,[-1.7674133889,-1.2j]
(457,0),0,[-1.7666840323,-1.2j]
(458,0),0,[-1.7659546757,-1.2j]
(459,0),0,[-1.76522531909,-1.2j]
(460,0),0,[-1.76449596249,-1.2j]
(461,0),0,[-1.76376660589,-1.2j]
(462,0),0,[-1.76303724928,-1.2j]
(463,0),0,[-1.76230789268,-1.2j]
(464,0),0,[-1.76157853608,-1.2j]
(465,0),0,[-1.76084917947,-1.2j]
(466,0),0,[-1.76011982287,-1.2j]
(467,0),0,[-1.75939046627,-1.2j]
(468,0),0,[-1.75866110966,-1.2j]
(469,0),0,[-1.75793175306,-1.2j]
(470,0),0,[-1.75720239646,-1.2j]
(471,0),0,[-1.75647303985,-1.2j]
(472,0),0,[-1.75574368325,-1.2j]
(473,0),0,[-1.75501432665,-1.2j]
(474,0),0,[-1.75428497004,-1.2j]
(475,0),0,[-1.75355561344,-1.2j]
(476,0),0,[-1.75282625684,-1.2j]
(477,0),0,[-1.75209690023,-1.2j]
(478,0),0,[-1.75136754363,-1.2j]
(479,0),0,[-1.75063818703,-1.2j]
(480,0),0,[-1.74990883042,-1.2j]
(481,0),0,[-1.74917947382,-1.2j]
(482,0),0,[-1.74845011722,-1.2j]
(483,0),0,[-1.74772076061,-1.2j]
(484,0),0,[-1.74699140401,-1.2j]
(485,0),0,[-1.74626204741,-1.2j]
(486,0),0,[-1.7455326908,-1.2j]
(487,0),0,[-1.7448033342,-1.2j]
(488,0),0,[-1.7440739776,-1.2j]
(489,0),0,[-1.743344621,-1.2j]
(490,0),0,[-1.74261526439,-1.2j]
(491,0),0,[-1.74188590779,-1.2j]
(492,0),0,[-1.74115655119,-1.2j]
(493,0),0,[-1.74042719458,-1.2j]
(494,0),0,[-1.73969783798,-1.2j]
(495,0),0,[-1.73896848138,-1.2j]
(496,0),0,[-1.73823912477,-1.2j]
(497,0),0,[-1.73750976817,-1.2j]
(498,0),0,[-1.73678041157,-1.2j]
(499,0),0,[-1.73605105496,-1.2j]
(500,0),0,[-1.73532169836,-1.2j]
(501,0),0,[-1.73459234176,-1.2j]
(502,0),0,[-1.73386298515,-1.2j]
(503,0),0,[-1.73313362855,-1.2j]
(504,0),0,[-1.73240427195,-1.2j]
(505,0),0,[-1.73167491534,-1.2j]
(506,0),0,[-1.73094555874,-1.2j]
(507,0),0,[-1.73021620214,-1.2j]
(508,0),0,[-1.72948684553,-1.2j]
(509,0),0,[-1.72875748893,-1.2j]
(510,0),0,[-1.72802813233,-1.2j]
(511,0),0,[-1.72729877572,-1.2j]
(512,0),0,[-1.72656941912,-1.2j]
(513,0),0,[-1.72584006252,-1.2j]
(514,0),0,[-1.72511070591,-1.2j]
(515,0),0,[-1.72438134931,-1.2j]
(516,0),0,[-1.72365199271,-1.2j]
(517,0),0,[-1.7229226361,-1.2j]
(518,0),0,[-1.7221932795,-1.2j]
(519,0),0,[-1.7214639229,-1.2j]
(520,0),0,[-1.72073456629,-1.2j]
(521,0),0,[-1.72000520969,-1.2j]
(522,0),0,[-1.71927585309,-1.2j]
(523,0),0,[-1.71854649648,-1.2j]
(524,0),0,[-1.71781713988,-1.2j]
(525,0),0,[-1.71708778328,-1.2j]
(526,0),0,[-1.71635842667,-1.2j]
(527,0),0,[-1.71562907007,-1.2j]
(528,0),0,[-1.71489971347,-1.2j]
(529,0),0,[-1.71417035686,-1.2j]
(530,0),0,[-1.71344100026,-1.2j]
(531,0),0,[-1.71271164366,-1.2j]
(532,0),0,[-1.71198228705,-1.2j]
(533,0),0,[-1.71125293045,-1.2j]
(534,0),0,[-1.71052357385,-1.2j]
(535,0),0,[-1.70979421724,-1.2j]
(536,0),0,[-1.70906486064,-1.2j]
(537,0),0,[-1.70833550404,-1.2j]
(538,0),0,[-1.70760614743,-1.2j]
(539,0),0,[-1.70687679083,-1.2j]
(540,0),0,[-1.70614743423,-1.2j]
(541,0),0,[-1.70541807762,-1.2j]
(542,0),0,[-1.70468872102,-1.2j]
(543,0),0,[-1.70395936442,-1.2j]
(544,0),0,[-1.70323000781,-1.2j]
(545,0),0,[-1.70250065121,-1.2j]
(546,0),0,[-1.70177129461,-1.2j]
(547,0),0,[-1.701041938,-1.2j]
(548,0),0,[-1.7003125814,-1.2j]
(549,0),0,[-1.6995832248,-1.2j]
(550,0),0,[-1.69885386819,-1.2j]
(551,0),0,[-1.69812451159,-1.2j]
(552,0),0,[-1.69739515499,-1.2j]
(553,0),0,[-1.69666579838,-1.2j]
(554,0),0,[-1.69593644178,-1.2j]
(555,0),0,[-1.69520708518,-1.2j]
(556,0),0,[-1.69447772858,-1.2j]
(557,0),0,[-1.69374837197,-1.2j]
(558,0),0,[-1.69301901537,-1.2j]
(559,0),0,[-1.69228965877,-1.2j]
(560,0),0,[-1.69156030216,-1.2j]
(561,0),0,[-1.69083094556,-1.2j]
(562,0),0,[-1.69010158896,-1.2j]
(563,0),0,[-1.68937223235,-1.2j]
(564,0),0,[-1.68864287575,-1.2j]
(565,0),0,[-1.68791351915,-1.2j]
(566,0),0,[-1.68718416254,-1.2j]
(567,0),0,[-1.68645480594,-1.2j]
(568,0),0,[-1.68572544934,-1.2j]
(569,0),0,[-1.68499609273,-1.2j]
(570,0),0,[-1.68426673613,-1.2j]
(571,0),0,[-1.68353737953,-1.2j]
(572,0),0,[-1.68280802292,-1.2j]
(573,0),0,[-1.68207866632,-1.2j]
(574,0),0,[-1.68134930972,-1.2j]
(575,0),0,[-1.68061995311,-1.2j]
(576,0),0,[-1.67989059651,-1.2j]
(577,0),0,[-1.67916123991,-1.2j]
(578,0),0,[-1.6784318833,-1.2j]
(579,0),0,[-1.6777025267,-1.2j]
(580,0),0,[-1.6769731701,-1.2j]
(581,0),0,[-1.67624381349,-1.2j]
(582,0),0,[-1.67551445689,-1.2j]
(583,0),0,[-1.67478510029,-1.2j]
(584,0),0,[-1.67405574368,-1.2j]
(585,0),0,[-1.67332638708,-1.2j]
(586,0),0,[-1.67259703048,-1.2j]
(587,0),0,[-1.67186767387,-1.2j]
(588,0),0,[-1.67113831727,-1.2j]
(589,0),0,[-1.67040896067,-1.2j]
(590,0),0,[-1.66967960406,-1.2j]
(591,0),0,[-1.66895024746,-1.2j]
(592,0),0,[-1.66822089086,-1.2j]
(593,0),0,[-1.66749153425,-1.2j]
(594,0),0,[-1.66676217765,-1.2j]
(595,0),0,[-1.66603282105,-1.2j]
(596,0),0,[-1.66530346444,-1.2j]
(597,0),0,[-1.66457410784,-1.2j]
(598,0),0,[-1.66384475124,-1.2j]
(599,0),0,[-1.66311539463,-1.2j]
(600,0),0,[-1.66238603803,-1.2j]
(601,0),0,[-1.66165668143,-1.2j]
(602,0),0,[-1.66092732482,-1.2j]
(603,0),0,[-1.66019796822,-1.2j]
(604,0),0,[-1.65946861162,-1.2j]
(605,0),0,[-1.65873925501,-1.2j]
(606,0),0,[-1.65800989841,-1.2j]
(607,0),0,[-1.65728054181,-1.2j]
(608,0),0,[-1.6565511852,-1.2j]
(609,0),0,[-1.6558218286,-1.2j]
(610,0),0,[-1.655092472,-1.2j]
(611,0),0,[-1.65436311539,-1.2j]
(612,0),0,[-1.65363375879,-1.2j]
(613,0),0,[-1.65290440219,-1.2j]
(614,0),0,[-1.65217504558,-1.2j]
(615,0),0,[-1.65144568898,-1.2j]
(616,0),0,[-1.65071633238,-1.2j]
(617,0),0,[-1.64998697577,-1.2j]
(618,0),0,[-1.64925761917,-1.2j]
(619,0),0,[-1.64852826257,-1.2j]
(620,0),0,[-1.64779890597,-1.2j]
(621,0),0,[-1.64706954936,-1.2j]
(622,0),0,[-1.64634019276,-1.2j]
(623,0),0,[-1.64561083616,-1.2j]
(624,0),0,[-1.64488147955,-1.2j]
(625,0),0,[-1.64415212295,-1.2j]
(626,0),0,[-1.64342276635,-1.2j]
(627,0),0,[-1.64269340974,-1.2j]
(628,0),0,[-1.64196405314,-1.2j]
(629,0),0,[-1.64123469654,-1.2j]
(630,0),0,[-1.64050533993,-1.2j]
(631,0),0,[-1.63977598333,-1.2j]
(632,0),0,[-1.63904662673,-1.2j]
(633,0),0,[-1.63831727012,-1.2j]
(634,0),0,[-1.63758791352,-1.2j]
(635,0),0,[-1.63685855692,-1.2j]
(636,0),0,[-1.63612920031,-1.2j]
(637,0),0,[-1.63539984371,-1.2j]
(638,0),0,[-1.63467048711,-1.2j]
(639,0),0,[-1.6339411305,-1.2j]
(640,0),0,[-1.6332117739,-1.2j]
(641,0),0,[-1.6324824173,-1.2j]
(642,0),0,[-1.63175306069,-1.2j]
(643,0),0,[-1.63102370409,-1.2j]
(644,0),0,[-1.63029434749,-1.2j]
(645,0),0,[-1.62956499088,-1.2j]
(646,0),0,[-1.62883563428,-1.2j]
(647,0),0,[-1.62810627768,-1.2j]
(648,0),0,[-1.62737692107,-1.2j]
(649,0),0,[-1.62664756447,-1.2j]
(650,0),0,[-1.62591820787,-1.2j]
(651,0),0,[-1.62518885126,-1.2j]
(652,0),0,[-1.62445949466,-1.2j]
(653,0),0,[-1.62373013806,-1.2j]
(654,0),0,[-1.62300078145,-1.2j]
(655,0),0,[-1.62227142485,-1.2j]
(656,0),0,[-1.62154206825,-1.2j]
(657,0),0,[-1.62081271164,-1.2j]
(658,0),0,[-1.62008335504,-1.2j]
(659,0),0,[-1.61935399844,-1.2j]
(660,0),0,[-1.61862464183,-1.2j]
(661,0),0,[-1.61789528523,-1.2j]
(662,0),0,[-1.61716592863,-1.2j]
(663,0),0,[-1.61643657202,-1.2j]
(664,0),0,[-1.61570721542,-1.2j]
(665,0),0,[-1.61497785882,-1.2j]
(666,0),0,[-1.61424850221,-1.2j]
(667,0),0,[-1.61351914561,-1.2j]
(668,0),0,[-1.61278978901,-1.2j]
(669,0),0,[-1.6120604324,-1.2j]
(670,0),0,[-1.6113310758,-1.2j]
(671,0),0,[-1.6106017192,-1.2j]
(672,0),0,[-1.60987236259,-1.2j]
(673,0),0,[-1.60914300599,-1.2j]
(674,0),0,[-1.60841364939,-1.2j]
(675,0),0,[-1.60768429278,-1.2j]
(676,0),0,[-1.60695493618,-1.2j]
(677,0),0,[-1.60622557958,-1.2j]
(678,0),0,[-1.60549622297,-1.2j]
(679,0),0,[-1.60476686637,-1.2j]
(680,0),0,[-1.60403750977,-1.2j]
(681,0),0,[-1.60330815316,-1.2j]
(682,0),0,[-1.60257879656,-1.2j]
(683,0),0,[-1.60184943996,-1.2j]
(684,0),0,[-1.60112008336,-1.2j]
(685,0),0,[-1.60039072675,-1.2j]
(686,0),1,[-1.59966137015,-1.2j]
(687,0),1,[-1.59893201355,-1.2j]
(688,0),1,[-1.59820265694,-1.2j]
(689,0),1,[-1.59747330034,-1.2j]
(690,0),1,[-1.59674394374,-1.2j]
(691,0),1,[-1.59601458713,-1.2j]
(692,0),1,[-1.59528523053,-1.2j]
(693,0),1,[-1.59455587393,-1.2j]
(694,0),1,[-1.59382651732,-1.2j]
(695,0),1,[-1.59309716072,-1.2j]
(696,0),1,[-1.59236780412,-1.2j]
(697,0),1,[-1.59163844751,-1.2j]
(698,0),1,[-1.59090909091,-1.2j]
(699,0),1,[-1.59017973431,-1.2j]
(700,0),1,[-1.5894503777,-1.2j]
(701,0),1,[-1.5887210211,-1.2j]
(702,0),1,[-1.5879916645,-1.2j]
(703,0),1,[-1.58726230789,-1.2j]
(704,0),1,[-1.58653295129,-1.2j]
(705,0),1,[-1.58580359469,-1.2j]
(706,0),1,[-1.58507423808,-1.2j]
(707,0),1,[-1.58434488148,-1.2j]
(708,0),1,[-1.58361552488,-1.2j]
(709,0),1,[-1.58288616827,-1.2j]
(710,0),1,[-1.58215681167,-1.2j]
(711,0),1,[-1.58142745507,-1.2j]
(712,0),1,[-1.58069809846,-1.2j]
(713,0),1,[-1.57996874186,-1.2j]
(714,0),1,[-1.57923938526,-1.2j]
(715,0),1,[-1.57851002865,-1.2j]
(716,0),1,[-1.57778067205,-1.2j]
(717,0),1,[-1.57705131545,-1.2j]
(718,0),1,[-1.57632195884,-1.2j]
(719,0),1,[-1.57559260224,-1.2j]
(720,0),1,[-1.57486324564,-1.2j]
(721,0),1,[-1.57413388903,-1.2j]
(722,0),1,[-1.57340453243,-1.2j]
(723,0),1,[-1.57267517583,-1.2j]
(724,0),1,[-1.57194581922,-1.2j]
(725,0),1,[-1.57121646262,-1.2j]
(726,0),1,[-1.57048710602,-1.2j]
(727,0),1,[-1.56975774941,-1.2j]
(728,0),1,[-1.56902839281,-1.2j]
(729,0),1,[-1.56829903621,-1.2j]
(730,0),1,[-1.5675696796,-1.2j]
(731,0),1,[-1.566840323,-1.2j]
(732,0),1,[-1.5661109664,-1.2j]
(733,0),1,[-1.56538160979,-1.2j]
(734,0),1,[-1.56465225319,-1.2j]
(735,0),1,[-1.56392289659,-1.2j]
(736,0),1,[-1.56319353998,-1.2j]
(737,0),1,[-1.56246418338,-1.2j]
(738,0),1,[-1.56173482678,-1.2j]
(739,0),1,[-1.56100547017,-1.2j]
(740,0),1,[-1.56027611357,-1.2j]
(741,0),1,[-1.55954675697,-1.2j]
(742,0),1,[-1.55881740036,-1.2j]
(743,0),1,[-1.55808804376,-1.2j]
(744,0),1,[-1.55735868716,-1.2j]
(745,0),1,[-1.55662933055,-1.2j]
(746,0),1,[-1.55589997395,-1.2j]
(747,0),1,[-1.55517061735,-1.2j]
(748,0),1,[-1.55444126074,-1.2j]
(749,0),1,[-1.55371190414,-1.2j]
(750,0),1,[-1.55298254754,-1.2j]
(751,0),1,[-1.55225319094,-1.2j]
(752,0),1,[-1.55152383433,-1.2j]
(753,0),1,[-1.55079447773,-1.2j]
(754,0),1,[-1.55006512113,-1.2j]
(755,0),1,[-1.54933576452,-1.2j]
(756,0),1,[-1.54860640792,-1.2j]
(757,0),1,[-1.54787705132,-1.2j]
(758,0),1,[-1.54714769471,-1.2j]
(759,0),1,[-1.54641833811,-1.2j]
(760,0),1,[-1.54568898151,-1.2j]
(761,0),1,[-1.5449596249,-1.2j]
(762,0),1,[-1.5442302683,-1.2j]
(763,0),1,[-1.5435009117,-1.2j]
(764,0),1,[-1.54277155509,-1.2j]
(765,0),1,[-1.54204219849,-1.2j]
(766,0),1,[-1.54131284189,-1.2j]
(767,0),1,[-1.54058348528,-1.2j]
(768,0),1,[-1.53985412868,-1.2j]
(769,0),1,[-1.53912477208,-1.2j]
(770,0),1,[-1.53839541547,-1.2j]
(771,0),1,[-1.53766605887,-1.2j]
(772,0),1,[-1.53693670227,-1.2j]
(773,0),1,[-1.53620734566,-1.2j]
(774,0),1,[-1.53547798906,-1.2j]
(775,0),1,[-1.53474863246,-1.2j]
(776,0),1,[-1.53401927585,-1.2j]
(777,0),1,[-1.53328991925,-1.2j]
(778,0),1,[-1.53256056265,-1.2j]
(779,0),1,[-1.53183120604,-1.2j]
(780,0),1,[-1.53110184944,-1.2j]
(781,0),1,[-1.53037249284,-1.2j]
(782,0),1,[-1.52964313623,-1.2j]
(783,0),1,[-1.52891377963,-1.2j]
(784,0),1,[-1.52818442303,-1.2j]
(785,0),1,[-1.52745506642,-1.2j]
(786,0),1,[-1.52672570982,-1.2j]
(787,0),1,[-1.52599635322,-1.2j]
(788,0),1,[-1.52526699661,-1.2j]
(789,0),1,[-1.52453764001,-1.2j]
(790,0),1,[-1.52380828341,-1.2j]
(791,0),1,[-1.5230789268,-1.2j]
(792,0),1,[-1.5223495702,-1.2j]
(793,0),1,[-1.5216202136,-1.2j]
(794,0),1,[-1.52089085699,-1.2j]
(795,0),1,[-1.52016150039,-1.2j]
(796,0),1,[-1.51943214379,-1.2j]
(797,0),1,[-1.51870278718,-1.2j]
(798,0),1,[-1.51797343058,-1.2j]
(799,0),1,[-1.51724407398,-1.2j]
(800,0),1,[-1.51651471737,-1.2j]
(801,0),1,[-1.51578536077,-1.2j]
(802,0),1,[-1.51505600417,-1.2j]
(803,0),1,[-1.51432664756,-1.2j]
(804,0),1,[-1.51359729096,-1.2j]
(805,0),1,[-1.51286793436,-1.2j]
(806,0),1,[-1.51213857775,-1.2j]
(807,0),1,[-1.51140922115,-1.2j]
(808,0),1,[-1.51067986455,-1.2j]
(809,0),1,[-1.50995050794,-1.2j]
(810,0),1,[-1.50922115134,-1.2j]
(811,0),1,[-1.50849179474,-1.2j]
(812,0),1,[-1.50776243813,-1.2j]
(813,0),1,[-1.50703308153,-1.2j]
(814,0),1,[-1.50630372493,-1.2j]
(815,0),1,[-1.50557436833,-1.2j]
(816,0),1,[-1.50484501172,-1.2j]
(817,0),1,[-1.50411565512,-1.2j]
(818,0),1,[-1.50338629852,-1.2j]
(819,0),1,[-1.50265694191,-1.2j]
(820,0),1,[-1.50192758531,-1.2j]
(821,0),1,[-1.50119822871,-1.2j]
(822,0),1,[-1.5004688721,-1.2j]
(823,0),1,[-1.4997395155,-1.2j]
(824,0),1,[-1.4990101589,-1.2j]
(825,0),1,[-1.49828080229,-1.2j]
(826,0),1,[-1.49755144569,-1.2j]
(827,0),1,[-1.49682208909,-1.2j]
(828,0),1,[-1.49609273248,-1.2j]
(829,0),1,[-1.49536337588,-1.2j]
(830,0),1,[-1.49463401928,-1.2j]
(831,0),1,[-1.49390466267,-1.2j]
(832,0),1,[-1.49317530607,-1.2j]
(833,0),1,[-1.49244594947,-1.2j]
(834,0),1,[-1.49171659286,-1.2j]
(835,0),1,[-1.49098723626,-1.2j]
(836,0),1,[-1.49025787966,-1.2j]
(837,0),1,[-1.48952852305,-1.2j]
(838,0),1,[-1.48879916645,-1.2j]
(839,0),1,[-1.48806980985,-1.2j]
(840,0),1,[-1.48734045324,-1.2j]
(841,0),1,[-1.48661109664,-1.2j]
(842,0),1,[-1.48588174004,-1.2j]
(843,0),1,[-1.48515238343,-1.2j]
(844,0),1,[-1.48442302683,-1.2j]
(845,0),1,[-1.48369367023,-1.2j]
(846,0),1,[-1.48296431362,-1.2j]
(847,0),1,[-1.48223495702,-1.2j]
(848,0),1,[-1.48150560042,-1.2j]
(849,0),1,[-1.48077624381,-1.2j]
(850,0),1,[-1.48004688721,-1.2j]
(851,0),1,[-1.47931753061,-1.2j]
(852,0),1,[-1.478588174,-1.2j]
(853,0),1,[-1.4778588174,-1.2j]
(854,0),1,[-1.4771294608,-1.2j]
(855,0),1,[-1.47640010419,-1.2j]
(856,0),1,[-1.47567074759,-1.2j]
(857,0),1,[-1.47494139099,-1.2j]
(858,0),1,[-1.47421203438,-1.2j]
(859,0),1,[-1.47348267778,-1.2j]
(860,0),1,[-1.47275332118,-1.2j]
(861,0),1,[-1.47202396457,-1.2j]
(862,0),1,[-1.47129460797,-1.2j]
(863,0),1,[-1.47056525137,-1.2j]
(864,0),1,[-1.46983589476,-1.2j]
(865,0),1,[-1.46910653816,-1.2j]
(866,0),1,[-1.46837718156,-1.2j]
(867,0),1,[-1.46764782495,-1.2j]
(868,0),1,[-1.46691846835,-1.2j]
(869,0),1,[-1.46618911175,-1.2j]
(870,0),1,[-1.46545975514,-1.2j]
(871,0),1,[-1.46473039854,-1.2j]
(872,0),1,[-1.46400104194,-1.2j]
(873,0),1,[-1.46327168533,-1.2j]
(874,0),1,[-1.46254232873,-1.2j]
(875,0),1,[-1.46181297213,-1.2j]
(876,0),1,[-1.46108361552,-1.2j]
(877,0),1,[-1.46035425892,-1.2j]
(878,0),1,[-1.45962490232,-1.2j]
(879,0),1,[-1.45889554572,-1.2j]
(880,0),1,[-1.45816618911,-1.2j]
(881,0),1,[-1.45743683251,-1.2j]
(882,0),1,[-1.45670747591,-1.2j]
(883,0),1,[-1.4559781193,-1.2j]
(884,0),1,[-1.4552487627,-1.2j]
(885,0),1,[-1.4545194061,-1.2j]
(886,0),1,[-1.45379004949,-1.2j]
(887,0),1,[-1.45306069289,-1.2j]
(888,0),1,[-1.45233133629,-1.2j]
(889,0),1,[-1.45160197968,-1.2j]
(890,0),1,[-1.45087262308,-1.2j]
(891,0),1,[-1.45014326648,-1.2j]
(892,0),1,[-1.44941390987,-1.2j]
(893,0),1,[-1.44868455327,-1.2j]
(894,0),1,[-1.44795519667,-1.2j]
(895,0),1,[-1.44722584006,-1.2j]
(896,0),1,[-1.44649648346,-1.2j]
(897,0),1,[-1.44576712686,-1.2j]
(898,0),1,[-1.44503777025,-1.2j]
(899,0),1,[-1.44430841365,-1.2j]
(900,0),1,[-1.44357905705,-1.2j]
(901,0),1,[-1.44284970044,-1.2j]
(902,0),1,[-1.44212034384,-1.2j]
(903,0),1,[-1.44139098724,-1.2j]
(904,0),1,[-1.44066163063,-1.2j]
(905,0),1,[-1.43993227403,-1.2j]
(906,0),1,[-1.43920291743,-1.2j]
(907,0),1,[-1.43847356082,-1.2j]
(908,0),1,[-1.43774420422,-1.2j]
(909,0),1,[-1.43701484762,-1.2j]
(910,0),1,[-1.43628549101,-1.2j]
(911,0),1,[-1.43555613441,-1.2j]
(912,0),1,[-1.43482677781,-1.2j]
(913,0),1,[-1.4340974212,-1.2j]
(914,0),1,[-1.4333680646,-1.2j]
(915,0),1,[-1.432638708,-1.2j]
(916,0),1,[-1.43190935139,-1.2j]
(917,0),1,[-1.43117999479,-1.2j]
(918,0),1,[-1.43045063819,-1.2j]
(919,0),1,[-1.42972128158,-1.2j]
(920,0),1,[-1.42899192498,-1.2j]
(921,0),1,[-1.42826256838,-1.2j]
(922,0),1,[-1.42753321177,-1.2j]
(923,0),1,[-1.42680385517,-1.2j]
(924,0),1,[-1.42607449857,-1.2j]
(925,0),1,[-1.42534514196,-1.2j]
(926,0),1,[-1.42461578536,-1.2j]
(927,0),1,[-1.42388642876,-1.2j]
(928,0),1,[-1.42315707215,-1.2j]
(929,0),1,[-1.42242771555,-1.2j]
(930,0),1,[-1.42169835895,-1.2j]
(931,0),1,[-1.42096900234,-1.2j]
(932,0),1,[-1.42023964574,-1.2j]
(933,0),1,[-1.41951028914,-1.2j]
(934,0),1,[-1.41878093253,-1.2j]
(935,0),1,[-1.41805157593,-1.2j]
(936,0),1,[-1.41732221933,-1.2j]
(937,0),1,[-1.41659286272,-1.2j]
(938,0),1,[-1.41586350612,-1.2j]
(939,0),1,[-1.41513414952,-1.2j]
(940,0),1,[-1.41440479291,-1.2j]
(941,0),1,[-1.41367543631,-1.2j]
(942,0),1,[-1.41294607971,-1.2j]
(943,0),1,[-1.4122167231,-1.2j]
(944,0),1,[-1.4114873665,-1.2j]
(945,0),1,[-1.4107580099,-1.2j]
(946,0),1,[-1.4100286533,-1.2j]
(947,0),1,[-1.40929929669,-1.2j]
(948,0),1,[-1.40856994009,-1.2j]
(949,0),1,[-1.40784058349,-1.2j]
(950,0),1,[-1.40711122688,-1.2j]
(951,0),1,[-1.40638187028,-1.2j]
(952,0),1,[-1.40565251368,-1.2j]
(953,0),1,[-1.40492315707,-1.2j]
(954,0),1,[-1.40419380047,-1.2j]
(955,0),1,[-1.40346444387,-1.2j]
(956,0),1,[-1.40273508726,-1.2j]
(957,0),1,[-1.40200573066,-1.2j]
(958,0),1,[-1.40127637406,-1.2j]
(959,0),1,[-1.40054701745,-1.2j]
(960,0),1,[-1.39981766085,-1.2j]
(961,0),1,[-1.39908830425,-1.2j]
(962,0),1,[-1.39835894764,-1.2j]
(963,0),1,[-1.39762959104,-1.2j]
(964,0),1,[-1.39690023444,-1.2j]
(965,0),1,[-1.39617087783,-1.2j]
(966,0),1,[-1.39544152123,-1.2j]
(967,0),1,[-1.39471216463,-1.2j]
(968,0),1,[-1.39398280802,-1.2j]
(969,0),1,[-1.39325345142,-1.2j]
(970,0),1,[-1.39252409482,-1.2j]
(971,0),1,[-1.39179473821,-1.2j]
(972,0),1,[-1.39106538161,-1.2j]
(973,0),1,[-1.39033602501,-1.2j]
(974,0),1,[-1.3896066684,-1.2j]
(975,0),1,[-1.3888773118,-1.2j]
(976,0),1,[-1.3881479552,-1.2j]
(977,0),1,[-1.38741859859,-1.2j]
(978,0),1,[-1.38668924199,-1.2j]
(979,0),1,[-1.38595988539,-1.2j]
(980,0),1,[-1.38523052878,-1.2j]
(981,0),1,[-1.38450117218,-1.2j]
(982,0),1,[-1.38377181558,-1.2j]
(983,0),1,[-1.38304245897,-1.2j]
(984,0),1,[-1.38231310237,-1.2j]
(985,0),1,[-1.38158374577,-1.2j]
(986,0),1,[-1.38085438916,-1.2j]
(987,0),1,[-1.38012503256,-1.2j]
(988,0),1,[-1.37939567596,-1.2j]
(989,0),1,[-1.37866631935,-1.2j]
(990,0),1,[-1.37793696275,-1.2j]
(991,0),1,[-1.37720760615,-1.2j]
(992,0),1,[-1.37647824954,-1.2j]
(993,0),1,[-1.37574889294,-1.2j]
(994,0),1,[-1.37501953634,-1.2j]
(995,0),1,[-1.37429017973,-1.2j]
(996,0),1,[-1.37356082313,-1.2j]
(997,0),1,[-1.37283146653,-1.2j]
(998,0),1,[-1.37210210992,-1.2j]
(999,0),1,[-1.37137275332,-1.2j]
